c:\users\winyunhyk\devel\hw_yunhyeong\unfolder\build\src\unfolder.dir\debug\vc120.pdb
c:\users\winyunhyk\devel\hw_yunhyeong\unfolder\build\src\unfolder.dir\debug\modelnode.obj
c:\users\winyunhyk\devel\hw_yunhyeong\unfolder\build\src\unfolder.dir\debug\modelgraph.obj
c:\users\winyunhyk\devel\hw_yunhyeong\unfolder\build\src\unfolder.dir\debug\modeledge.obj
c:\users\winyunhyk\devel\hw_yunhyeong\unfolder\build\src\unfolder.dir\debug\box.obj
c:\users\winyunhyk\devel\hw_yunhyeong\unfolder\build\src\unfolder.dir\debug\geometry.obj
c:\users\winyunhyk\devel\hw_yunhyeong\unfolder\build\src\unfolder.dir\debug\quaternion.obj
c:\users\winyunhyk\devel\hw_yunhyeong\unfolder\build\src\unfolder.dir\debug\basic.obj
c:\users\winyunhyk\devel\hw_yunhyeong\unfolder\build\src\unfolder.dir\debug\gli.obj
c:\users\winyunhyk\devel\hw_yunhyeong\unfolder\build\src\unfolder.dir\debug\overlappingchecker.obj
c:\users\winyunhyk\devel\hw_yunhyeong\unfolder\build\src\unfolder.dir\debug\unfolder.obj
c:\users\winyunhyk\devel\hw_yunhyeong\unfolder\build\src\unfolder.dir\debug\spatial_hash.obj
c:\users\winyunhyk\devel\hw_yunhyeong\unfolder\build\src\unfolder.dir\debug\splitter.obj
c:\users\winyunhyk\devel\hw_yunhyeong\unfolder\build\src\unfolder.dir\debug\main.obj
c:\users\winyunhyk\devel\hw_yunhyeong\unfolder\build\src\unfolder.dir\debug\model.obj
c:\users\winyunhyk\devel\hw_yunhyeong\unfolder\build\src\cmakefiles\generate.stamp
c:\users\winyunhyk\devel\hw_yunhyeong\unfolder\bin\unfolder.ilk
c:\users\winyunhyk\devel\hw_yunhyeong\unfolder\bin\unfolder.exe
c:\users\winyunhyk\devel\hw_yunhyeong\unfolder\build\debug\unfolder.pdb
c:\users\winyunhyk\devel\hw_yunhyeong\unfolder\build\src\unfolder.dir\debug\unfolder.tlog\cl.command.1.tlog
c:\users\winyunhyk\devel\hw_yunhyeong\unfolder\build\src\unfolder.dir\debug\unfolder.tlog\cl.read.1.tlog
c:\users\winyunhyk\devel\hw_yunhyeong\unfolder\build\src\unfolder.dir\debug\unfolder.tlog\cl.write.1.tlog
c:\users\winyunhyk\devel\hw_yunhyeong\unfolder\build\src\unfolder.dir\debug\unfolder.tlog\custombuild.command.1.tlog
c:\users\winyunhyk\devel\hw_yunhyeong\unfolder\build\src\unfolder.dir\debug\unfolder.tlog\custombuild.read.1.tlog
c:\users\winyunhyk\devel\hw_yunhyeong\unfolder\build\src\unfolder.dir\debug\unfolder.tlog\custombuild.write.1.tlog
c:\users\winyunhyk\devel\hw_yunhyeong\unfolder\build\src\unfolder.dir\debug\unfolder.tlog\link.command.1.tlog
c:\users\winyunhyk\devel\hw_yunhyeong\unfolder\build\src\unfolder.dir\debug\unfolder.tlog\link.read.1.tlog
c:\users\winyunhyk\devel\hw_yunhyeong\unfolder\build\src\unfolder.dir\debug\unfolder.tlog\link.write.1.tlog
