Build started 2016-05-20 오전 2:59:29.
     1>Project "C:\Users\winYunhyk\devel\hw_yunhyeong\unfolder\build\libs\itree\itree.vcxproj" on node 2 (Rebuild target(s)).
     1>CustomBuild:
         Building Custom Rule C:/Users/winYunhyk/devel/hw_yunhyeong/unfolder/libs/itree/CMakeLists.txt
         CMake does not need to re-run because C:\Users\winYunhyk\devel\hw_yunhyeong\unfolder\build\libs\itree\CMakeFiles\generate.stamp is up-to-date.
       ClCompile:
         C:\Program Files (x86)\Microsoft Visual Studio 12.0\VC\bin\CL.exe /c /IC:\Users\winYunhyk\devel\hw_yunhyeong\unfolder\itree /nologo /W3 /WX- /O2 /Ob2 /Oy- /D WIN32 /D _WINDOWS /D _CRT_SECURE_NO_WARNINGS /D NDEBUG /D "CMAKE_INTDIR=\"Release\"" /D _MBCS /Gm- /EHsc /MD /GS /fp:precise /Zc:wchar_t /Zc:forScope /GR /Fo"itree.dir\Release\\" /Fd"itree.dir\Release\vc120.pdb" /Gd /TP /analyze- /errorReport:prompt C:\Users\winYunhyk\devel\hw_yunhyeong\unfolder\libs\itree\EndPoint.cpp C:\Users\winYunhyk\devel\hw_yunhyeong\unfolder\libs\itree\Interval.cpp C:\Users\winYunhyk\devel\hw_yunhyeong\unfolder\libs\itree\RectKD.cpp
         EndPoint.cpp
         Interval.cpp
         RectKD.cpp
         Generating Code...
       Lib:
         C:\Program Files (x86)\Microsoft Visual Studio 12.0\VC\bin\Lib.exe /OUT:"C:\Users\winYunhyk\devel\hw_yunhyeong\unfolder\build\libs\itree\Release\itree.lib" /NOLOGO itree.dir\Release\EndPoint.obj
         itree.dir\Release\Interval.obj
         itree.dir\Release\RectKD.obj
     1>Interval.obj : warning LNK4221: This object file does not define any previously undefined public symbols, so it will not be used by any link operation that consumes this library
         itree.vcxproj -> C:\Users\winYunhyk\devel\hw_yunhyeong\unfolder\build\libs\itree\Release\itree.lib
     1>Done Building Project "C:\Users\winYunhyk\devel\hw_yunhyeong\unfolder\build\libs\itree\itree.vcxproj" (Rebuild target(s)).

Build succeeded.

Time Elapsed 00:00:05.53
