c:\users\winyunhyk\devel\hw_yunhyeong\unfolder\build\src\unfolder.dir\release\modelnode.obj
c:\users\winyunhyk\devel\hw_yunhyeong\unfolder\build\src\unfolder.dir\release\modelgraph.obj
c:\users\winyunhyk\devel\hw_yunhyeong\unfolder\build\src\unfolder.dir\release\modeledge.obj
c:\users\winyunhyk\devel\hw_yunhyeong\unfolder\build\src\unfolder.dir\release\box.obj
c:\users\winyunhyk\devel\hw_yunhyeong\unfolder\build\src\unfolder.dir\release\geometry.obj
c:\users\winyunhyk\devel\hw_yunhyeong\unfolder\build\src\unfolder.dir\release\quaternion.obj
c:\users\winyunhyk\devel\hw_yunhyeong\unfolder\build\src\unfolder.dir\release\basic.obj
c:\users\winyunhyk\devel\hw_yunhyeong\unfolder\build\src\unfolder.dir\release\gli.obj
c:\users\winyunhyk\devel\hw_yunhyeong\unfolder\build\src\unfolder.dir\release\overlappingchecker.obj
c:\users\winyunhyk\devel\hw_yunhyeong\unfolder\build\src\unfolder.dir\release\unfolder.obj
c:\users\winyunhyk\devel\hw_yunhyeong\unfolder\build\src\unfolder.dir\release\spatial_hash.obj
c:\users\winyunhyk\devel\hw_yunhyeong\unfolder\build\src\unfolder.dir\release\splitter.obj
c:\users\winyunhyk\devel\hw_yunhyeong\unfolder\build\src\unfolder.dir\release\main.obj
c:\users\winyunhyk\devel\hw_yunhyeong\unfolder\build\src\unfolder.dir\release\model.obj
c:\users\winyunhyk\devel\hw_yunhyeong\unfolder\build\src\cmakefiles\generate.stamp
c:\users\winyunhyk\devel\hw_yunhyeong\unfolder\bin\unfolder.exe
c:\users\winyunhyk\devel\hw_yunhyeong\unfolder\build\src\unfolder.dir\release\unfolder.vcxprojresolveassemblyreference.cache
c:\users\winyunhyk\devel\hw_yunhyeong\unfolder\build\src\..\..\bin\unfolder.exe
c:\users\winyunhyk\devel\hw_yunhyeong\unfolder\build\src\unfolder.dir\release\unfolder.tlog\cl.command.1.tlog
c:\users\winyunhyk\devel\hw_yunhyeong\unfolder\build\src\unfolder.dir\release\unfolder.tlog\cl.read.1.tlog
c:\users\winyunhyk\devel\hw_yunhyeong\unfolder\build\src\unfolder.dir\release\unfolder.tlog\cl.write.1.tlog
c:\users\winyunhyk\devel\hw_yunhyeong\unfolder\build\src\unfolder.dir\release\unfolder.tlog\custombuild.command.1.tlog
c:\users\winyunhyk\devel\hw_yunhyeong\unfolder\build\src\unfolder.dir\release\unfolder.tlog\custombuild.read.1.tlog
c:\users\winyunhyk\devel\hw_yunhyeong\unfolder\build\src\unfolder.dir\release\unfolder.tlog\custombuild.write.1.tlog
c:\users\winyunhyk\devel\hw_yunhyeong\unfolder\build\src\unfolder.dir\release\unfolder.tlog\link.command.1.tlog
c:\users\winyunhyk\devel\hw_yunhyeong\unfolder\build\src\unfolder.dir\release\unfolder.tlog\link.read.1.tlog
c:\users\winyunhyk\devel\hw_yunhyeong\unfolder\build\src\unfolder.dir\release\unfolder.tlog\link.write.1.tlog
